<!--                                                                        -->
<!-- Copyright 2007 Google Inc.                                             -->
<!-- Licensed under the Apache License, Version 2.0 (the "License"); you    -->
<!-- may not use this file except in compliance with the License. You may   -->
<!-- may obtain a copy of the License at                                    -->
<!--                                                                        -->
<!-- http://www.apache.org/licenses/LICENSE-2.0                             -->
<!--                                                                        -->
<!-- Unless required by applicable law or agreed to in writing, software    -->
<!-- distributed under the License is distributed on an "AS IS" BASIS,      -->
<!-- WITHOUT WARRANTIES OR CONDITIONS OF ANY KIND, either express or        -->
<!-- implied. License for the specific language governing permissions and   -->
<!-- limitations under the License.                                         -->

<!-- Deferred binding rules for browser selection.                          -->
<!--                                                                        -->
<!-- Do not inherit this module directly.  Running GWTTestCase under JUnit  -->
<!-- will inherit this module automatically.                                -->
<module>
  <inherits name="com.google.gwt.user.User"/>

  <super-source path="translatable"/>

  <source path="client"/>

  <generate-with class="com.google.gwt.junit.rebind.JUnitTestCaseStubGenerator">
    <when-type-assignable class="com.google.gwt.junit.client.GWTTestCase"/>
  </generate-with>

  <generate-with class="com.google.gwt.junit.rebind.BenchmarkGenerator">
    <when-type-assignable class="com.google.gwt.junit.client.Benchmark"/>
  </generate-with>

  <servlet path='/junithost' class='com.google.gwt.junit.server.JUnitHostImpl'/>

</module>
